<?xml version="1.0" encoding="UTF-8"?>
<!-- Generated by org.testng.reporters.JUnitReportReporter -->
<testsuite hostname="LAPTOP-QME61A2J" failures="0" tests="1" name="Practice_Maven.DataPage" time="1.823" errors="0" timestamp="2023-01-18T14:48:50 IST" skipped="0">
  <testcase classname="Practice_Maven.DataPage" name="connecttoDB" time="1.823"/>
  <system-out/>
</testsuite> <!-- Practice_Maven.DataPage -->
